# JRE version: OpenJDK Runtime Environment GraalVM CE 22.3.0 (17.0.5+8) (build 17.0.5+8-jvmci-22.3-b08)
# Java VM: OpenJDK 64-Bit Server VM GraalVM CE 22.3.0 (17.0.5+8-jvmci-22.3-b08, mixed mode, sharing, tiered, jvmci, jvmci compiler, compressed oops, compressed class ptrs, parallel gc, linux-amd64)
GC Precious Log:
 CPUs: 8 total, 1 available
 Memory: 3215M
 Large Page Support: Disabled
 NUMA Support: Disabled
 Compressed Oops: Enabled (32-bit)
 Alignments: Space 512K, Generation 512K, Heap 2M
 Heap Min Capacity: 100M
 Heap Initial Capacity: 100M
 Heap Max Capacity: 512M
 Pre-touch: Disabled
 Parallel Workers: 1
Heap:
 PSYoungGen      total 71680K, used 44543K [0x00000000f5580000, 0x00000000fe880000, 0x0000000100000000)
  eden space 44544K, 99% used [0x00000000f5580000,0x00000000f80ffff8,0x00000000f8100000)
  from space 27136K, 0% used [0x00000000fb400000,0x00000000fb400000,0x00000000fce80000)
  to   space 52224K, 0% used [0x00000000f8100000,0x00000000f8100000,0x00000000fb400000)
 ParOldGen       total 349696K, used 349696K [0x00000000e0000000, 0x00000000f5580000, 0x00000000f5580000)
  object space 349696K, 100% used [0x00000000e0000000,0x00000000f5580000,0x00000000f5580000)
 Metaspace       used 50079K, committed 51200K, reserved 1097728K
  class space    used 4858K, committed 5248K, reserved 1048576K
GC Heap History (20 events):
Event: 246.517 GC heap before
{Heap before GC invocations=508 (full 446):
 PSYoungGen      total 71680K, used 44543K [0x00000000f5580000, 0x00000000fe880000, 0x0000000100000000)
  eden space 44544K, 99% used [0x00000000f5580000,0x00000000f80fffa8,0x00000000f8100000)
  from space 27136K, 0% used [0x00000000fb400000,0x00000000fb400000,0x00000000fce80000)
  to   space 52224K, 0% used [0x00000000f8100000,0x00000000f8100000,0x00000000fb400000)
 ParOldGen       total 349696K, used 349695K [0x00000000e0000000, 0x00000000f5580000, 0x00000000f5580000)
  object space 349696K, 99% used [0x00000000e0000000,0x00000000f557fd00,0x00000000f5580000)
 Metaspace       used 50079K, committed 51200K, reserved 1097728K
  class space    used 4858K, committed 5248K, reserved 1048576K
}
Event: 247.020 GC heap after
{Heap after GC invocations=508 (full 446):
 PSYoungGen      total 96768K, used 44543K [0x00000000f5580000, 0x00000000fe880000, 0x0000000100000000)
  eden space 44544K, 99% used [0x00000000f5580000,0x00000000f80fff78,0x00000000f8100000)
  from space 52224K, 0% used [0x00000000f8100000,0x00000000f8100000,0x00000000fb400000)
  to   space 27136K, 0% used [0x00000000fb400000,0x00000000fb400000,0x00000000fce80000)
 ParOldGen       total 349696K, used 349695K [0x00000000e0000000, 0x00000000f5580000, 0x00000000f5580000)
  object space 349696K, 99% used [0x00000000e0000000,0x00000000f557fd00,0x00000000f5580000)
 Metaspace       used 50079K, committed 51200K, reserved 1097728K
  class space    used 4858K, committed 5248K, reserved 1048576K
}
Event: 247.021 GC heap before
{Heap before GC invocations=509 (full 447):
 PSYoungGen      total 96768K, used 44543K [0x00000000f5580000, 0x00000000fe880000, 0x0000000100000000)
  eden space 44544K, 99% used [0x00000000f5580000,0x00000000f80ffff8,0x00000000f8100000)
  from space 52224K, 0% used [0x00000000f8100000,0x00000000f8100000,0x00000000fb400000)
  to   space 27136K, 0% used [0x00000000fb400000,0x00000000fb400000,0x00000000fce80000)
 ParOldGen       total 349696K, used 349695K [0x00000000e0000000, 0x00000000f5580000, 0x00000000f5580000)
  object space 349696K, 99% used [0x00000000e0000000,0x00000000f557fff0,0x00000000f5580000)
 Metaspace       used 50079K, committed 51200K, reserved 1097728K
  class space    used 4858K, committed 5248K, reserved 1048576K
}
Event: 247.531 GC heap after
{Heap after GC invocations=509 (full 447):
 PSYoungGen      total 71680K, used 44543K [0x00000000f5580000, 0x00000000fe880000, 0x0000000100000000)
  eden space 44544K, 99% used [0x00000000f5580000,0x00000000f80fff68,0x00000000f8100000)
  from space 27136K, 0% used [0x00000000fb400000,0x00000000fb400000,0x00000000fce80000)
  to   space 52224K, 0% used [0x00000000f8100000,0x00000000f8100000,0x00000000fb400000)
 ParOldGen       total 349696K, used 349695K [0x00000000e0000000, 0x00000000f5580000, 0x00000000f5580000)
  object space 349696K, 99% used [0x00000000e0000000,0x00000000f557ff40,0x00000000f5580000)
 Metaspace       used 50079K, committed 51200K, reserved 1097728K
  class space    used 4858K, committed 5248K, reserved 1048576K
}
Event: 247.532 GC heap before
{Heap before GC invocations=510 (full 448):
 PSYoungGen      total 71680K, used 44543K [0x00000000f5580000, 0x00000000fe880000, 0x0000000100000000)
  eden space 44544K, 99% used [0x00000000f5580000,0x00000000f80ffff0,0x00000000f8100000)
  from space 27136K, 0% used [0x00000000fb400000,0x00000000fb400000,0x00000000fce80000)
  to   space 52224K, 0% used [0x00000000f8100000,0x00000000f8100000,0x00000000fb400000)
 ParOldGen       total 349696K, used 349695K [0x00000000e0000000, 0x00000000f5580000, 0x00000000f5580000)
  object space 349696K, 99% used [0x00000000e0000000,0x00000000f557ff40,0x00000000f5580000)
 Metaspace       used 50079K, committed 51200K, reserved 1097728K
  class space    used 4858K, committed 5248K, reserved 1048576K
}
Event: 248.042 GC heap after
{Heap after GC invocations=510 (full 448):
 PSYoungGen      total 96768K, used 44543K [0x00000000f5580000, 0x00000000fe880000, 0x0000000100000000)
  eden space 44544K, 99% used [0x00000000f5580000,0x00000000f80fffa0,0x00000000f8100000)
  from space 52224K, 0% used [0x00000000f8100000,0x00000000f8100000,0x00000000fb400000)
  to   space 27136K, 0% used [0x00000000fb400000,0x00000000fb400000,0x00000000fce80000)
 ParOldGen       total 349696K, used 349695K [0x00000000e0000000, 0x00000000f5580000, 0x00000000f5580000)
  object space 349696K, 99% used [0x00000000e0000000,0x00000000f557fee8,0x00000000f5580000)
 Metaspace       used 50079K, committed 51200K, reserved 1097728K
  class space    used 4858K, committed 5248K, reserved 1048576K
}
Event: 248.042 GC heap before
{Heap before GC invocations=511 (full 449):
 PSYoungGen      total 96768K, used 44543K [0x00000000f5580000, 0x00000000fe880000, 0x0000000100000000)
  eden space 44544K, 99% used [0x00000000f5580000,0x00000000f80ffff8,0x00000000f8100000)
  from space 52224K, 0% used [0x00000000f8100000,0x00000000f8100000,0x00000000fb400000)
  to   space 27136K, 0% used [0x00000000fb400000,0x00000000fb400000,0x00000000fce80000)
 ParOldGen       total 349696K, used 349695K [0x00000000e0000000, 0x00000000f5580000, 0x00000000f5580000)
  object space 349696K, 99% used [0x00000000e0000000,0x00000000f557fee8,0x00000000f5580000)
 Metaspace       used 50079K, committed 51200K, reserved 1097728K
  class space    used 4858K, committed 5248K, reserved 1048576K
}
Event: 248.529 GC heap after
{Heap after GC invocations=511 (full 449):
 PSYoungGen      total 71680K, used 44543K [0x00000000f5580000, 0x00000000fe880000, 0x0000000100000000)
  eden space 44544K, 99% used [0x00000000f5580000,0x00000000f80ffff8,0x00000000f8100000)
  from space 27136K, 0% used [0x00000000fb400000,0x00000000fb400000,0x00000000fce80000)
  to   space 52224K, 0% used [0x00000000f8100000,0x00000000f8100000,0x00000000fb400000)
 ParOldGen       total 349696K, used 349695K [0x00000000e0000000, 0x00000000f5580000, 0x00000000f5580000)
  object space 349696K, 99% used [0x00000000e0000000,0x00000000f557fee8,0x00000000f5580000)
 Metaspace       used 50079K, committed 51200K, reserved 1097728K
  class space    used 4858K, committed 5248K, reserved 1048576K
}
Event: 248.529 GC heap before
{Heap before GC invocations=512 (full 450):
 PSYoungGen      total 71680K, used 44543K [0x00000000f5580000, 0x00000000fe880000, 0x0000000100000000)
  eden space 44544K, 99% used [0x00000000f5580000,0x00000000f80ffff8,0x00000000f8100000)
  from space 27136K, 0% used [0x00000000fb400000,0x00000000fb400000,0x00000000fce80000)
  to   space 52224K, 0% used [0x00000000f8100000,0x00000000f8100000,0x00000000fb400000)
 ParOldGen       total 349696K, used 349695K [0x00000000e0000000, 0x00000000f5580000, 0x00000000f5580000)
  object space 349696K, 99% used [0x00000000e0000000,0x00000000f557fff8,0x00000000f5580000)
 Metaspace       used 50079K, committed 51200K, reserved 1097728K
  class space    used 4858K, committed 5248K, reserved 1048576K
}
Event: 249.028 GC heap after
{Heap after GC invocations=512 (full 450):
 PSYoungGen      total 96768K, used 44543K [0x00000000f5580000, 0x00000000fe880000, 0x0000000100000000)
  eden space 44544K, 99% used [0x00000000f5580000,0x00000000f80fffe0,0x00000000f8100000)
  from space 52224K, 0% used [0x00000000f8100000,0x00000000f8100000,0x00000000fb400000)
  to   space 27136K, 0% used [0x00000000fb400000,0x00000000fb400000,0x00000000fce80000)
 ParOldGen       total 349696K, used 349695K [0x00000000e0000000, 0x00000000f5580000, 0x00000000f5580000)
  object space 349696K, 99% used [0x00000000e0000000,0x00000000f557ffe8,0x00000000f5580000)
 Metaspace       used 50079K, committed 51200K, reserved 1097728K
  class space    used 4858K, committed 5248K, reserved 1048576K
}
Event: 249.029 GC heap before
{Heap before GC invocations=513 (full 451):
 PSYoungGen      total 96768K, used 44543K [0x00000000f5580000, 0x00000000fe880000, 0x0000000100000000)
  eden space 44544K, 99% used [0x00000000f5580000,0x00000000f80ffff8,0x00000000f8100000)
  from space 52224K, 0% used [0x00000000f8100000,0x00000000f8100000,0x00000000fb400000)
  to   space 27136K, 0% used [0x00000000fb400000,0x00000000fb400000,0x00000000fce80000)
 ParOldGen       total 349696K, used 349695K [0x00000000e0000000, 0x00000000f5580000, 0x00000000f5580000)
  object space 349696K, 99% used [0x00000000e0000000,0x00000000f557ffe8,0x00000000f5580000)
 Metaspace       used 50079K, committed 51200K, reserved 1097728K
  class space    used 4858K, committed 5248K, reserved 1048576K
}
Event: 249.533 GC heap after
{Heap after GC invocations=513 (full 451):
 PSYoungGen      total 71680K, used 44543K [0x00000000f5580000, 0x00000000fe880000, 0x0000000100000000)
  eden space 44544K, 99% used [0x00000000f5580000,0x00000000f80ffff8,0x00000000f8100000)
  from space 27136K, 0% used [0x00000000fb400000,0x00000000fb400000,0x00000000fce80000)
  to   space 52224K, 0% used [0x00000000f8100000,0x00000000f8100000,0x00000000fb400000)
 ParOldGen       total 349696K, used 349695K [0x00000000e0000000, 0x00000000f5580000, 0x00000000f5580000)
  object space 349696K, 99% used [0x00000000e0000000,0x00000000f557ffe8,0x00000000f5580000)
 Metaspace       used 50079K, committed 51200K, reserved 1097728K
  class space    used 4858K, committed 5248K, reserved 1048576K
}
Event: 249.533 GC heap before
{Heap before GC invocations=514 (full 452):
 PSYoungGen      total 71680K, used 44543K [0x00000000f5580000, 0x00000000fe880000, 0x0000000100000000)
  eden space 44544K, 99% used [0x00000000f5580000,0x00000000f80ffff8,0x00000000f8100000)
  from space 27136K, 0% used [0x00000000fb400000,0x00000000fb400000,0x00000000fce80000)
  to   space 52224K, 0% used [0x00000000f8100000,0x00000000f8100000,0x00000000fb400000)
 ParOldGen       total 349696K, used 349696K [0x00000000e0000000, 0x00000000f5580000, 0x00000000f5580000)
  object space 349696K, 100% used [0x00000000e0000000,0x00000000f5580000,0x00000000f5580000)
 Metaspace       used 50079K, committed 51200K, reserved 1097728K
  class space    used 4858K, committed 5248K, reserved 1048576K
}
Event: 250.034 GC heap after
{Heap after GC invocations=514 (full 452):
 PSYoungGen      total 96768K, used 44543K [0x00000000f5580000, 0x00000000fe880000, 0x0000000100000000)
  eden space 44544K, 99% used [0x00000000f5580000,0x00000000f80ffff8,0x00000000f8100000)
  from space 52224K, 0% used [0x00000000f8100000,0x00000000f8100000,0x00000000fb400000)
  to   space 27136K, 0% used [0x00000000fb400000,0x00000000fb400000,0x00000000fce80000)
 ParOldGen       total 349696K, used 349696K [0x00000000e0000000, 0x00000000f5580000, 0x00000000f5580000)
  object space 349696K, 100% used [0x00000000e0000000,0x00000000f5580000,0x00000000f5580000)
 Metaspace       used 50079K, committed 51200K, reserved 1097728K
  class space    used 4858K, committed 5248K, reserved 1048576K
}
Event: 250.034 GC heap before
{Heap before GC invocations=515 (full 453):
 PSYoungGen      total 96768K, used 44543K [0x00000000f5580000, 0x00000000fe880000, 0x0000000100000000)
  eden space 44544K, 99% used [0x00000000f5580000,0x00000000f80ffff8,0x00000000f8100000)
  from space 52224K, 0% used [0x00000000f8100000,0x00000000f8100000,0x00000000fb400000)
  to   space 27136K, 0% used [0x00000000fb400000,0x00000000fb400000,0x00000000fce80000)
 ParOldGen       total 349696K, used 349696K [0x00000000e0000000, 0x00000000f5580000, 0x00000000f5580000)
  object space 349696K, 100% used [0x00000000e0000000,0x00000000f5580000,0x00000000f5580000)
 Metaspace       used 50079K, committed 51200K, reserved 1097728K
  class space    used 4858K, committed 5248K, reserved 1048576K
}
Event: 250.531 GC heap after
{Heap after GC invocations=515 (full 453):
 PSYoungGen      total 71680K, used 44543K [0x00000000f5580000, 0x00000000fe880000, 0x0000000100000000)
  eden space 44544K, 99% used [0x00000000f5580000,0x00000000f80ffff8,0x00000000f8100000)
  from space 27136K, 0% used [0x00000000fb400000,0x00000000fb400000,0x00000000fce80000)
  to   space 52224K, 0% used [0x00000000f8100000,0x00000000f8100000,0x00000000fb400000)
 ParOldGen       total 349696K, used 349696K [0x00000000e0000000, 0x00000000f5580000, 0x00000000f5580000)
  object space 349696K, 100% used [0x00000000e0000000,0x00000000f5580000,0x00000000f5580000)
 Metaspace       used 50079K, committed 51200K, reserved 1097728K
  class space    used 4858K, committed 5248K, reserved 1048576K
}
Event: 250.532 GC heap before
{Heap before GC invocations=516 (full 454):
 PSYoungGen      total 71680K, used 44543K [0x00000000f5580000, 0x00000000fe880000, 0x0000000100000000)
  eden space 44544K, 99% used [0x00000000f5580000,0x00000000f80ffff8,0x00000000f8100000)
  from space 27136K, 0% used [0x00000000fb400000,0x00000000fb400000,0x00000000fce80000)
  to   space 52224K, 0% used [0x00000000f8100000,0x00000000f8100000,0x00000000fb400000)
 ParOldGen       total 349696K, used 349696K [0x00000000e0000000, 0x00000000f5580000, 0x00000000f5580000)
  object space 349696K, 100% used [0x00000000e0000000,0x00000000f5580000,0x00000000f5580000)
 Metaspace       used 50079K, committed 51200K, reserved 1097728K
  class space    used 4858K, committed 5248K, reserved 1048576K
}
Event: 251.046 GC heap after
{Heap after GC invocations=516 (full 454):
 PSYoungGen      total 96768K, used 44543K [0x00000000f5580000, 0x00000000fe880000, 0x0000000100000000)
  eden space 44544K, 99% used [0x00000000f5580000,0x00000000f80ffff8,0x00000000f8100000)
  from space 52224K, 0% used [0x00000000f8100000,0x00000000f8100000,0x00000000fb400000)
  to   space 27136K, 0% used [0x00000000fb400000,0x00000000fb400000,0x00000000fce80000)
 ParOldGen       total 349696K, used 349696K [0x00000000e0000000, 0x00000000f5580000, 0x00000000f5580000)
  object space 349696K, 100% used [0x00000000e0000000,0x00000000f5580000,0x00000000f5580000)
 Metaspace       used 50079K, committed 51200K, reserved 1097728K
  class space    used 4858K, committed 5248K, reserved 1048576K
}
Event: 251.046 GC heap before
{Heap before GC invocations=517 (full 455):
 PSYoungGen      total 96768K, used 44543K [0x00000000f5580000, 0x00000000fe880000, 0x0000000100000000)
  eden space 44544K, 99% used [0x00000000f5580000,0x00000000f80ffff8,0x00000000f8100000)
  from space 52224K, 0% used [0x00000000f8100000,0x00000000f8100000,0x00000000fb400000)
  to   space 27136K, 0% used [0x00000000fb400000,0x00000000fb400000,0x00000000fce80000)
 ParOldGen       total 349696K, used 349696K [0x00000000e0000000, 0x00000000f5580000, 0x00000000f5580000)
  object space 349696K, 100% used [0x00000000e0000000,0x00000000f5580000,0x00000000f5580000)
 Metaspace       used 50079K, committed 51200K, reserved 1097728K
  class space    used 4858K, committed 5248K, reserved 1048576K
}
Event: 251.562 GC heap after
{Heap after GC invocations=517 (full 455):
 PSYoungGen      total 71680K, used 44543K [0x00000000f5580000, 0x00000000fe880000, 0x0000000100000000)
  eden space 44544K, 99% used [0x00000000f5580000,0x00000000f80ffff8,0x00000000f8100000)
  from space 27136K, 0% used [0x00000000fb400000,0x00000000fb400000,0x00000000fce80000)
  to   space 52224K, 0% used [0x00000000f8100000,0x00000000f8100000,0x00000000fb400000)
 ParOldGen       total 349696K, used 349696K [0x00000000e0000000, 0x00000000f5580000, 0x00000000f5580000)
  object space 349696K, 100% used [0x00000000e0000000,0x00000000f5580000,0x00000000f5580000)
 Metaspace       used 50079K, committed 51200K, reserved 1097728K
  class space    used 4858K, committed 5248K, reserved 1048576K
}

